[05-Jan-2021 20:34:05 Asia/Kolkata] SELECT email, name, profile, occupation, DATE_FORMAT(date_add, '%d %b %Y %H:%i') date_add FROM user_records WHERE (name LIKE '%1999%' OR occupation LIKE '%1999%' OR date_add LIKE '%1999%') ORDER BY profile desc LIMIT 15 OFFSET 0
[05-Jan-2021 20:35:15 Asia/Kolkata] SELECT email, name, profile, occupation, DATE_FORMAT(date_add, '%d %b %Y %H:%i') date_add FROM user_records WHERE (email LIKE '%1999%' OR name LIKE '%1999%' OR occupation LIKE '%1999%' OR date_add LIKE '%1999%') ORDER BY profile desc LIMIT 15 OFFSET 0
[05-Jan-2021 20:35:28 Asia/Kolkata] SELECT email, name, profile, occupation, DATE_FORMAT(date_add, '%d %b %Y %H:%i') date_add FROM user_records WHERE (email LIKE '%1999%' OR name LIKE '%1999%' OR occupation LIKE '%1999%' OR date_add LIKE '%1999%') ORDER BY profile desc LIMIT 15 OFFSET 0
[05-Jan-2021 20:35:40 Asia/Kolkata] SELECT email, name, profile, occupation, DATE_FORMAT(date_add, '%d %b %Y %H:%i') date_add FROM user_records WHERE (email LIKE '%1999%' OR name LIKE '%1999%' OR occupation LIKE '%1999%' OR date_add LIKE '%1999%') ORDER BY profile desc LIMIT 15 OFFSET 0
[05-Jan-2021 20:35:43 Asia/Kolkata] SELECT email, name, profile, occupation, DATE_FORMAT(date_add, '%d %b %Y %H:%i') date_add FROM user_records WHERE (email LIKE '%1999%' OR name LIKE '%1999%' OR occupation LIKE '%1999%' OR date_add LIKE '%1999%') ORDER BY profile desc LIMIT 15 OFFSET 0
[05-Jan-2021 20:36:05 Asia/Kolkata] SELECT email, name, profile, occupation, DATE_FORMAT(date_add, '%d %b %Y %H:%i') date_add FROM user_records WHERE (email LIKE '%1995%' OR name LIKE '%1995%' OR occupation LIKE '%1995%' OR date_add LIKE '%1995%') ORDER BY profile desc LIMIT 15 OFFSET 0
[05-Jan-2021 21:17:30 Asia/Kolkata] PHP Fatal error:  Uncaught PDOException: SQLSTATE[42000]: Syntax error or access violation: 1064 You have an error in your SQL syntax; check the manual that corresponds to your MariaDB server version for the right syntax to use near 'WEHN gender = 2 THEN 'Female' ELSE 'Other END) gender, user_tags FROM user_recor' at line 1 in /opt/lampp/htdocs/havi/classes/models/ModelUserRecords.php:63
Stack trace:
#0 /opt/lampp/htdocs/havi/classes/models/ModelUserRecords.php(63): PDOStatement->execute()
#1 /opt/lampp/htdocs/havi/ajax_request.php(51): ModelUserRecords->getAllUserRecords('0', '15', 'profile', 'desc')
#2 {main}
  thrown in /opt/lampp/htdocs/havi/classes/models/ModelUserRecords.php on line 63
[05-Jan-2021 21:18:10 Asia/Kolkata] PHP Fatal error:  Uncaught PDOException: SQLSTATE[42000]: Syntax error or access violation: 1064 You have an error in your SQL syntax; check the manual that corresponds to your MariaDB server version for the right syntax to use near ''Other END) gender, user_tags FROM user_records ORDER BY profile desc LIMIT 15 O' at line 1 in /opt/lampp/htdocs/havi/classes/models/ModelUserRecords.php:63
Stack trace:
#0 /opt/lampp/htdocs/havi/classes/models/ModelUserRecords.php(63): PDOStatement->execute()
#1 /opt/lampp/htdocs/havi/ajax_request.php(51): ModelUserRecords->getAllUserRecords('0', '15', 'profile', 'desc')
#2 {main}
  thrown in /opt/lampp/htdocs/havi/classes/models/ModelUserRecords.php on line 63
[05-Jan-2021 21:21:24 Asia/Kolkata] array (
  'name' => 'Shashi Kumar',
  'email' => 'shashi198@gmail.com',
  'mobile' => '9755125266',
  'password' => 'nkoplm',
  'occupation' => 'Teacher',
  'short_bio' => 'I love to teach.',
  'dob' => '02/01/2000',
  'gender' => 'female',
)
[05-Jan-2021 21:21:24 Asia/Kolkata] array (
  'profile' => 
  array (
    'name' => '404_trans.png',
    'type' => 'image/png',
    'tmp_name' => '/opt/lampp/temp/phpIlZ6d5',
    'error' => 0,
    'size' => 99149,
  ),
  'resume_file' => 
  array (
    'name' => 'WK-HR-004 - Holiday list_2020.pdf',
    'type' => 'application/pdf',
    'tmp_name' => '/opt/lampp/temp/phpYDelew',
    'error' => 0,
    'size' => 129445,
  ),
)
[05-Jan-2021 21:22:45 Asia/Kolkata] array (
  'name' => 'Prince Agrawal',
  'email' => 'princeag1995@gmail.com',
  'mobile' => '9758158134',
  'password' => 'nkoplm',
  'occupation' => 'Developer',
  'short_bio' => 'I love to read books.',
  'dob' => '07/15/1995',
  'gender' => 'male',
)
[05-Jan-2021 21:22:45 Asia/Kolkata] array (
  'profile' => 
  array (
    'name' => 'prince.jpg',
    'type' => 'image/jpeg',
    'tmp_name' => '/opt/lampp/temp/php9u3w1l',
    'error' => 0,
    'size' => 299374,
  ),
  'resume_file' => 
  array (
    'name' => 'Prince Agrawal Resume Final.pdf',
    'type' => 'application/pdf',
    'tmp_name' => '/opt/lampp/temp/phpuQmoqd',
    'error' => 0,
    'size' => 67794,
  ),
)
[05-Jan-2021 21:23:31 Asia/Kolkata] SELECT email, name, profile, occupation, DATE_FORMAT(dob, '%d %b %Y') dob, mobile, (CASE WHEN gender = 1 THEN 'Male' WHEN gender = 2 THEN 'Female' ELSE 'Other' END) gender, user_tags FROM user_records WHERE (email LIKE '%9755%' OR name LIKE '%9755%' OR occupation LIKE '%9755%' OR dob LIKE '%9755%' OR mobile LIKE '%9755%' OR gender LIKE '%9755%' OR user_tags LIKE '%9755%') ORDER BY profile desc LIMIT 15 OFFSET 0
[05-Jan-2021 21:28:40 Asia/Kolkata] SELECT email, name, profile, occupation, DATE_FORMAT(dob, '%d %b %Y') dob, mobile, (CASE WHEN gender = 1 THEN 'Male' WHEN gender = 2 THEN 'Female' ELSE 'Other' END) gender, user_tags FROM user_records WHERE (email LIKE '%prem%' OR name LIKE '%prem%' OR occupation LIKE '%prem%' OR dob LIKE '%prem%' OR mobile LIKE '%prem%' OR gender LIKE '%prem%' OR user_tags LIKE '%prem%') ORDER BY profile desc LIMIT 15 OFFSET 0
[05-Jan-2021 21:28:40 Asia/Kolkata] SELECT email, name, profile, occupation, DATE_FORMAT(dob, '%d %b %Y') dob, mobile, (CASE WHEN gender = 1 THEN 'Male' WHEN gender = 2 THEN 'Female' ELSE 'Other' END) gender, user_tags FROM user_records WHERE (email LIKE '%premi%' OR name LIKE '%premi%' OR occupation LIKE '%premi%' OR dob LIKE '%premi%' OR mobile LIKE '%premi%' OR gender LIKE '%premi%' OR user_tags LIKE '%premi%') ORDER BY profile desc LIMIT 15 OFFSET 0
[05-Jan-2021 21:28:42 Asia/Kolkata] SELECT email, name, profile, occupation, DATE_FORMAT(dob, '%d %b %Y') dob, mobile, (CASE WHEN gender = 1 THEN 'Male' WHEN gender = 2 THEN 'Female' ELSE 'Other' END) gender, user_tags FROM user_records WHERE (email LIKE '%prem%' OR name LIKE '%prem%' OR occupation LIKE '%prem%' OR dob LIKE '%prem%' OR mobile LIKE '%prem%' OR gender LIKE '%prem%' OR user_tags LIKE '%prem%') ORDER BY profile desc LIMIT 15 OFFSET 0
[05-Jan-2021 21:29:00 Asia/Kolkata] SELECT email, name, profile, occupation, DATE_FORMAT(dob, '%d %b %Y') dob, mobile, (CASE WHEN gender = 1 THEN 'Male' WHEN gender = 2 THEN 'Female' ELSE 'Other' END) gender, user_tags FROM user_records WHERE (email LIKE '%good%' OR name LIKE '%good%' OR occupation LIKE '%good%' OR dob LIKE '%good%' OR mobile LIKE '%good%' OR gender LIKE '%good%' OR user_tags LIKE '%good%') ORDER BY profile desc LIMIT 15 OFFSET 0
[05-Jan-2021 21:36:30 Asia/Kolkata] SELECT email, name, profile, occupation, DATE_FORMAT(dob, '%d %b %Y') dob, mobile, (CASE WHEN gender = 1 THEN 'Male' WHEN gender = 2 THEN 'Female' ELSE 'Other' END) gender, user_tags, user_note FROM user_records WHERE (email LIKE '%JS m%' OR name LIKE '%JS m%' OR occupation LIKE '%JS m%' OR dob LIKE '%JS m%' OR mobile LIKE '%JS m%' OR gender LIKE '%JS m%' OR user_tags LIKE '%JS m%' OR user_note LIKE '%JS m%') ORDER BY profile desc LIMIT 15 OFFSET 0
[05-Jan-2021 21:36:30 Asia/Kolkata] SELECT email, name, profile, occupation, DATE_FORMAT(dob, '%d %b %Y') dob, mobile, (CASE WHEN gender = 1 THEN 'Male' WHEN gender = 2 THEN 'Female' ELSE 'Other' END) gender, user_tags, user_note FROM user_records WHERE (email LIKE '%JS ma%' OR name LIKE '%JS ma%' OR occupation LIKE '%JS ma%' OR dob LIKE '%JS ma%' OR mobile LIKE '%JS ma%' OR gender LIKE '%JS ma%' OR user_tags LIKE '%JS ma%' OR user_note LIKE '%JS ma%') ORDER BY profile desc LIMIT 15 OFFSET 0
[05-Jan-2021 21:36:30 Asia/Kolkata] SELECT email, name, profile, occupation, DATE_FORMAT(dob, '%d %b %Y') dob, mobile, (CASE WHEN gender = 1 THEN 'Male' WHEN gender = 2 THEN 'Female' ELSE 'Other' END) gender, user_tags, user_note FROM user_records WHERE (email LIKE '%JS man%' OR name LIKE '%JS man%' OR occupation LIKE '%JS man%' OR dob LIKE '%JS man%' OR mobile LIKE '%JS man%' OR gender LIKE '%JS man%' OR user_tags LIKE '%JS man%' OR user_note LIKE '%JS man%') ORDER BY profile desc LIMIT 15 OFFSET 0
[05-Jan-2021 21:36:30 Asia/Kolkata] SELECT email, name, profile, occupation, DATE_FORMAT(dob, '%d %b %Y') dob, mobile, (CASE WHEN gender = 1 THEN 'Male' WHEN gender = 2 THEN 'Female' ELSE 'Other' END) gender, user_tags, user_note FROM user_records WHERE (email LIKE '%JS many%' OR name LIKE '%JS many%' OR occupation LIKE '%JS many%' OR dob LIKE '%JS many%' OR mobile LIKE '%JS many%' OR gender LIKE '%JS many%' OR user_tags LIKE '%JS many%' OR user_note LIKE '%JS many%') ORDER BY profile desc LIMIT 15 OFFSET 0
[05-Jan-2021 21:36:32 Asia/Kolkata] SELECT email, name, profile, occupation, DATE_FORMAT(dob, '%d %b %Y') dob, mobile, (CASE WHEN gender = 1 THEN 'Male' WHEN gender = 2 THEN 'Female' ELSE 'Other' END) gender, user_tags, user_note FROM user_records WHERE (email LIKE '%JS man%' OR name LIKE '%JS man%' OR occupation LIKE '%JS man%' OR dob LIKE '%JS man%' OR mobile LIKE '%JS man%' OR gender LIKE '%JS man%' OR user_tags LIKE '%JS man%' OR user_note LIKE '%JS man%') ORDER BY profile desc LIMIT 15 OFFSET 0
[05-Jan-2021 21:36:33 Asia/Kolkata] SELECT email, name, profile, occupation, DATE_FORMAT(dob, '%d %b %Y') dob, mobile, (CASE WHEN gender = 1 THEN 'Male' WHEN gender = 2 THEN 'Female' ELSE 'Other' END) gender, user_tags, user_note FROM user_records WHERE (email LIKE '%JS ma%' OR name LIKE '%JS ma%' OR occupation LIKE '%JS ma%' OR dob LIKE '%JS ma%' OR mobile LIKE '%JS ma%' OR gender LIKE '%JS ma%' OR user_tags LIKE '%JS ma%' OR user_note LIKE '%JS ma%') ORDER BY profile desc LIMIT 15 OFFSET 0
[05-Jan-2021 21:36:33 Asia/Kolkata] SELECT email, name, profile, occupation, DATE_FORMAT(dob, '%d %b %Y') dob, mobile, (CASE WHEN gender = 1 THEN 'Male' WHEN gender = 2 THEN 'Female' ELSE 'Other' END) gender, user_tags, user_note FROM user_records WHERE (email LIKE '%JS m%' OR name LIKE '%JS m%' OR occupation LIKE '%JS m%' OR dob LIKE '%JS m%' OR mobile LIKE '%JS m%' OR gender LIKE '%JS m%' OR user_tags LIKE '%JS m%' OR user_note LIKE '%JS m%') ORDER BY profile desc LIMIT 15 OFFSET 0
[05-Jan-2021 21:36:36 Asia/Kolkata] SELECT email, name, profile, occupation, DATE_FORMAT(dob, '%d %b %Y') dob, mobile, (CASE WHEN gender = 1 THEN 'Male' WHEN gender = 2 THEN 'Female' ELSE 'Other' END) gender, user_tags, user_note FROM user_records WHERE (email LIKE '%Many%' OR name LIKE '%Many%' OR occupation LIKE '%Many%' OR dob LIKE '%Many%' OR mobile LIKE '%Many%' OR gender LIKE '%Many%' OR user_tags LIKE '%Many%' OR user_note LIKE '%Many%') ORDER BY profile desc LIMIT 15 OFFSET 0
[05-Jan-2021 21:36:41 Asia/Kolkata] SELECT email, name, profile, occupation, DATE_FORMAT(dob, '%d %b %Y') dob, mobile, (CASE WHEN gender = 1 THEN 'Male' WHEN gender = 2 THEN 'Female' ELSE 'Other' END) gender, user_tags, user_note FROM user_records WHERE (email LIKE '%Many %' OR name LIKE '%Many %' OR occupation LIKE '%Many %' OR dob LIKE '%Many %' OR mobile LIKE '%Many %' OR gender LIKE '%Many %' OR user_tags LIKE '%Many %' OR user_note LIKE '%Many %') ORDER BY profile desc LIMIT 15 OFFSET 0
[05-Jan-2021 21:36:42 Asia/Kolkata] SELECT email, name, profile, occupation, DATE_FORMAT(dob, '%d %b %Y') dob, mobile, (CASE WHEN gender = 1 THEN 'Male' WHEN gender = 2 THEN 'Female' ELSE 'Other' END) gender, user_tags, user_note FROM user_records WHERE (email LIKE '%Many o%' OR name LIKE '%Many o%' OR occupation LIKE '%Many o%' OR dob LIKE '%Many o%' OR mobile LIKE '%Many o%' OR gender LIKE '%Many o%' OR user_tags LIKE '%Many o%' OR user_note LIKE '%Many o%') ORDER BY profile desc LIMIT 15 OFFSET 0
[05-Jan-2021 21:36:42 Asia/Kolkata] SELECT email, name, profile, occupation, DATE_FORMAT(dob, '%d %b %Y') dob, mobile, (CASE WHEN gender = 1 THEN 'Male' WHEN gender = 2 THEN 'Female' ELSE 'Other' END) gender, user_tags, user_note FROM user_records WHERE (email LIKE '%Many of%' OR name LIKE '%Many of%' OR occupation LIKE '%Many of%' OR dob LIKE '%Many of%' OR mobile LIKE '%Many of%' OR gender LIKE '%Many of%' OR user_tags LIKE '%Many of%' OR user_note LIKE '%Many of%') ORDER BY profile desc LIMIT 15 OFFSET 0
[05-Jan-2021 21:36:43 Asia/Kolkata] SELECT email, name, profile, occupation, DATE_FORMAT(dob, '%d %b %Y') dob, mobile, (CASE WHEN gender = 1 THEN 'Male' WHEN gender = 2 THEN 'Female' ELSE 'Other' END) gender, user_tags, user_note FROM user_records WHERE (email LIKE '%Many of %' OR name LIKE '%Many of %' OR occupation LIKE '%Many of %' OR dob LIKE '%Many of %' OR mobile LIKE '%Many of %' OR gender LIKE '%Many of %' OR user_tags LIKE '%Many of %' OR user_note LIKE '%Many of %') ORDER BY profile desc LIMIT 15 OFFSET 0
[05-Jan-2021 21:36:44 Asia/Kolkata] SELECT email, name, profile, occupation, DATE_FORMAT(dob, '%d %b %Y') dob, mobile, (CASE WHEN gender = 1 THEN 'Male' WHEN gender = 2 THEN 'Female' ELSE 'Other' END) gender, user_tags, user_note FROM user_records WHERE (email LIKE '%Many of o%' OR name LIKE '%Many of o%' OR occupation LIKE '%Many of o%' OR dob LIKE '%Many of o%' OR mobile LIKE '%Many of o%' OR gender LIKE '%Many of o%' OR user_tags LIKE '%Many of o%' OR user_note LIKE '%Many of o%') ORDER BY profile desc LIMIT 15 OFFSET 0
[05-Jan-2021 21:36:44 Asia/Kolkata] SELECT email, name, profile, occupation, DATE_FORMAT(dob, '%d %b %Y') dob, mobile, (CASE WHEN gender = 1 THEN 'Male' WHEN gender = 2 THEN 'Female' ELSE 'Other' END) gender, user_tags, user_note FROM user_records WHERE (email LIKE '%Many of ou%' OR name LIKE '%Many of ou%' OR occupation LIKE '%Many of ou%' OR dob LIKE '%Many of ou%' OR mobile LIKE '%Many of ou%' OR gender LIKE '%Many of ou%' OR user_tags LIKE '%Many of ou%' OR user_note LIKE '%Many of ou%') ORDER BY profile desc LIMIT 15 OFFSET 0
[05-Jan-2021 21:36:44 Asia/Kolkata] SELECT email, name, profile, occupation, DATE_FORMAT(dob, '%d %b %Y') dob, mobile, (CASE WHEN gender = 1 THEN 'Male' WHEN gender = 2 THEN 'Female' ELSE 'Other' END) gender, user_tags, user_note FROM user_records WHERE (email LIKE '%Many of our%' OR name LIKE '%Many of our%' OR occupation LIKE '%Many of our%' OR dob LIKE '%Many of our%' OR mobile LIKE '%Many of our%' OR gender LIKE '%Many of our%' OR user_tags LIKE '%Many of our%' OR user_note LIKE '%Many of our%') ORDER BY profile desc LIMIT 15 OFFSET 0
[05-Jan-2021 21:36:49 Asia/Kolkata] SELECT email, name, profile, occupation, DATE_FORMAT(dob, '%d %b %Y') dob, mobile, (CASE WHEN gender = 1 THEN 'Male' WHEN gender = 2 THEN 'Female' ELSE 'Other' END) gender, user_tags, user_note FROM user_records WHERE (email LIKE '%JMany of our%' OR name LIKE '%JMany of our%' OR occupation LIKE '%JMany of our%' OR dob LIKE '%JMany of our%' OR mobile LIKE '%JMany of our%' OR gender LIKE '%JMany of our%' OR user_tags LIKE '%JMany of our%' OR user_note LIKE '%JMany of our%') ORDER BY profile desc LIMIT 15 OFFSET 0
[05-Jan-2021 21:36:50 Asia/Kolkata] SELECT email, name, profile, occupation, DATE_FORMAT(dob, '%d %b %Y') dob, mobile, (CASE WHEN gender = 1 THEN 'Male' WHEN gender = 2 THEN 'Female' ELSE 'Other' END) gender, user_tags, user_note FROM user_records WHERE (email LIKE '%JsMany of our%' OR name LIKE '%JsMany of our%' OR occupation LIKE '%JsMany of our%' OR dob LIKE '%JsMany of our%' OR mobile LIKE '%JsMany of our%' OR gender LIKE '%JsMany of our%' OR user_tags LIKE '%JsMany of our%' OR user_note LIKE '%JsMany of our%') ORDER BY profile desc LIMIT 15 OFFSET 0
[05-Jan-2021 21:36:50 Asia/Kolkata] SELECT email, name, profile, occupation, DATE_FORMAT(dob, '%d %b %Y') dob, mobile, (CASE WHEN gender = 1 THEN 'Male' WHEN gender = 2 THEN 'Female' ELSE 'Other' END) gender, user_tags, user_note FROM user_records WHERE (email LIKE '%Js Many of our%' OR name LIKE '%Js Many of our%' OR occupation LIKE '%Js Many of our%' OR dob LIKE '%Js Many of our%' OR mobile LIKE '%Js Many of our%' OR gender LIKE '%Js Many of our%' OR user_tags LIKE '%Js Many of our%' OR user_note LIKE '%Js Many of our%') ORDER BY profile desc LIMIT 15 OFFSET 0
[05-Jan-2021 21:36:53 Asia/Kolkata] SELECT email, name, profile, occupation, DATE_FORMAT(dob, '%d %b %Y') dob, mobile, (CASE WHEN gender = 1 THEN 'Male' WHEN gender = 2 THEN 'Female' ELSE 'Other' END) gender, user_tags, user_note FROM user_records WHERE (email LIKE '%J Many of our%' OR name LIKE '%J Many of our%' OR occupation LIKE '%J Many of our%' OR dob LIKE '%J Many of our%' OR mobile LIKE '%J Many of our%' OR gender LIKE '%J Many of our%' OR user_tags LIKE '%J Many of our%' OR user_note LIKE '%J Many of our%') ORDER BY profile desc LIMIT 15 OFFSET 0
[05-Jan-2021 21:36:53 Asia/Kolkata] SELECT email, name, profile, occupation, DATE_FORMAT(dob, '%d %b %Y') dob, mobile, (CASE WHEN gender = 1 THEN 'Male' WHEN gender = 2 THEN 'Female' ELSE 'Other' END) gender, user_tags, user_note FROM user_records WHERE (email LIKE '%JS Many of our%' OR name LIKE '%JS Many of our%' OR occupation LIKE '%JS Many of our%' OR dob LIKE '%JS Many of our%' OR mobile LIKE '%JS Many of our%' OR gender LIKE '%JS Many of our%' OR user_tags LIKE '%JS Many of our%' OR user_note LIKE '%JS Many of our%') ORDER BY profile desc LIMIT 15 OFFSET 0
[05-Jan-2021 21:37:04 Asia/Kolkata] SELECT email, name, profile, occupation, DATE_FORMAT(dob, '%d %b %Y') dob, mobile, (CASE WHEN gender = 1 THEN 'Male' WHEN gender = 2 THEN 'Female' ELSE 'Other' END) gender, user_tags, user_note FROM user_records WHERE (email LIKE '%JS o%' OR name LIKE '%JS o%' OR occupation LIKE '%JS o%' OR dob LIKE '%JS o%' OR mobile LIKE '%JS o%' OR gender LIKE '%JS o%' OR user_tags LIKE '%JS o%' OR user_note LIKE '%JS o%') ORDER BY profile desc LIMIT 15 OFFSET 0
[05-Jan-2021 21:37:04 Asia/Kolkata] SELECT email, name, profile, occupation, DATE_FORMAT(dob, '%d %b %Y') dob, mobile, (CASE WHEN gender = 1 THEN 'Male' WHEN gender = 2 THEN 'Female' ELSE 'Other' END) gender, user_tags, user_note FROM user_records WHERE (email LIKE '%JS of%' OR name LIKE '%JS of%' OR occupation LIKE '%JS of%' OR dob LIKE '%JS of%' OR mobile LIKE '%JS of%' OR gender LIKE '%JS of%' OR user_tags LIKE '%JS of%' OR user_note LIKE '%JS of%') ORDER BY profile desc LIMIT 15 OFFSET 0
[05-Jan-2021 21:37:04 Asia/Kolkata] SELECT email, name, profile, occupation, DATE_FORMAT(dob, '%d %b %Y') dob, mobile, (CASE WHEN gender = 1 THEN 'Male' WHEN gender = 2 THEN 'Female' ELSE 'Other' END) gender, user_tags, user_note FROM user_records WHERE (email LIKE '%JS of %' OR name LIKE '%JS of %' OR occupation LIKE '%JS of %' OR dob LIKE '%JS of %' OR mobile LIKE '%JS of %' OR gender LIKE '%JS of %' OR user_tags LIKE '%JS of %' OR user_note LIKE '%JS of %') ORDER BY profile desc LIMIT 15 OFFSET 0
[05-Jan-2021 21:37:06 Asia/Kolkata] SELECT email, name, profile, occupation, DATE_FORMAT(dob, '%d %b %Y') dob, mobile, (CASE WHEN gender = 1 THEN 'Male' WHEN gender = 2 THEN 'Female' ELSE 'Other' END) gender, user_tags, user_note FROM user_records WHERE (email LIKE '%JS of m%' OR name LIKE '%JS of m%' OR occupation LIKE '%JS of m%' OR dob LIKE '%JS of m%' OR mobile LIKE '%JS of m%' OR gender LIKE '%JS of m%' OR user_tags LIKE '%JS of m%' OR user_note LIKE '%JS of m%') ORDER BY profile desc LIMIT 15 OFFSET 0
[05-Jan-2021 21:37:06 Asia/Kolkata] SELECT email, name, profile, occupation, DATE_FORMAT(dob, '%d %b %Y') dob, mobile, (CASE WHEN gender = 1 THEN 'Male' WHEN gender = 2 THEN 'Female' ELSE 'Other' END) gender, user_tags, user_note FROM user_records WHERE (email LIKE '%JS of ma%' OR name LIKE '%JS of ma%' OR occupation LIKE '%JS of ma%' OR dob LIKE '%JS of ma%' OR mobile LIKE '%JS of ma%' OR gender LIKE '%JS of ma%' OR user_tags LIKE '%JS of ma%' OR user_note LIKE '%JS of ma%') ORDER BY profile desc LIMIT 15 OFFSET 0
[05-Jan-2021 21:37:07 Asia/Kolkata] SELECT email, name, profile, occupation, DATE_FORMAT(dob, '%d %b %Y') dob, mobile, (CASE WHEN gender = 1 THEN 'Male' WHEN gender = 2 THEN 'Female' ELSE 'Other' END) gender, user_tags, user_note FROM user_records WHERE (email LIKE '%JS of m%' OR name LIKE '%JS of m%' OR occupation LIKE '%JS of m%' OR dob LIKE '%JS of m%' OR mobile LIKE '%JS of m%' OR gender LIKE '%JS of m%' OR user_tags LIKE '%JS of m%' OR user_note LIKE '%JS of m%') ORDER BY profile desc LIMIT 15 OFFSET 0
[05-Jan-2021 21:37:07 Asia/Kolkata] SELECT email, name, profile, occupation, DATE_FORMAT(dob, '%d %b %Y') dob, mobile, (CASE WHEN gender = 1 THEN 'Male' WHEN gender = 2 THEN 'Female' ELSE 'Other' END) gender, user_tags, user_note FROM user_records WHERE (email LIKE '%JS of %' OR name LIKE '%JS of %' OR occupation LIKE '%JS of %' OR dob LIKE '%JS of %' OR mobile LIKE '%JS of %' OR gender LIKE '%JS of %' OR user_tags LIKE '%JS of %' OR user_note LIKE '%JS of %') ORDER BY profile desc LIMIT 15 OFFSET 0
[05-Jan-2021 21:37:07 Asia/Kolkata] SELECT email, name, profile, occupation, DATE_FORMAT(dob, '%d %b %Y') dob, mobile, (CASE WHEN gender = 1 THEN 'Male' WHEN gender = 2 THEN 'Female' ELSE 'Other' END) gender, user_tags, user_note FROM user_records WHERE (email LIKE '%JS of%' OR name LIKE '%JS of%' OR occupation LIKE '%JS of%' OR dob LIKE '%JS of%' OR mobile LIKE '%JS of%' OR gender LIKE '%JS of%' OR user_tags LIKE '%JS of%' OR user_note LIKE '%JS of%') ORDER BY profile desc LIMIT 15 OFFSET 0
[05-Jan-2021 21:37:07 Asia/Kolkata] SELECT email, name, profile, occupation, DATE_FORMAT(dob, '%d %b %Y') dob, mobile, (CASE WHEN gender = 1 THEN 'Male' WHEN gender = 2 THEN 'Female' ELSE 'Other' END) gender, user_tags, user_note FROM user_records WHERE (email LIKE '%JS o%' OR name LIKE '%JS o%' OR occupation LIKE '%JS o%' OR dob LIKE '%JS o%' OR mobile LIKE '%JS o%' OR gender LIKE '%JS o%' OR user_tags LIKE '%JS o%' OR user_note LIKE '%JS o%') ORDER BY profile desc LIMIT 15 OFFSET 0
[05-Jan-2021 21:37:09 Asia/Kolkata] SELECT email, name, profile, occupation, DATE_FORMAT(dob, '%d %b %Y') dob, mobile, (CASE WHEN gender = 1 THEN 'Male' WHEN gender = 2 THEN 'Female' ELSE 'Other' END) gender, user_tags, user_note FROM user_records WHERE (email LIKE '%Manb%' OR name LIKE '%Manb%' OR occupation LIKE '%Manb%' OR dob LIKE '%Manb%' OR mobile LIKE '%Manb%' OR gender LIKE '%Manb%' OR user_tags LIKE '%Manb%' OR user_note LIKE '%Manb%') ORDER BY profile desc LIMIT 15 OFFSET 0
[05-Jan-2021 21:37:09 Asia/Kolkata] SELECT email, name, profile, occupation, DATE_FORMAT(dob, '%d %b %Y') dob, mobile, (CASE WHEN gender = 1 THEN 'Male' WHEN gender = 2 THEN 'Female' ELSE 'Other' END) gender, user_tags, user_note FROM user_records WHERE (email LIKE '%Manby%' OR name LIKE '%Manby%' OR occupation LIKE '%Manby%' OR dob LIKE '%Manby%' OR mobile LIKE '%Manby%' OR gender LIKE '%Manby%' OR user_tags LIKE '%Manby%' OR user_note LIKE '%Manby%') ORDER BY profile desc LIMIT 15 OFFSET 0
[05-Jan-2021 21:37:09 Asia/Kolkata] SELECT email, name, profile, occupation, DATE_FORMAT(dob, '%d %b %Y') dob, mobile, (CASE WHEN gender = 1 THEN 'Male' WHEN gender = 2 THEN 'Female' ELSE 'Other' END) gender, user_tags, user_note FROM user_records WHERE (email LIKE '%Manb%' OR name LIKE '%Manb%' OR occupation LIKE '%Manb%' OR dob LIKE '%Manb%' OR mobile LIKE '%Manb%' OR gender LIKE '%Manb%' OR user_tags LIKE '%Manb%' OR user_note LIKE '%Manb%') ORDER BY profile desc LIMIT 15 OFFSET 0
[05-Jan-2021 21:37:11 Asia/Kolkata] SELECT email, name, profile, occupation, DATE_FORMAT(dob, '%d %b %Y') dob, mobile, (CASE WHEN gender = 1 THEN 'Male' WHEN gender = 2 THEN 'Female' ELSE 'Other' END) gender, user_tags, user_note FROM user_records WHERE (email LIKE '%Many%' OR name LIKE '%Many%' OR occupation LIKE '%Many%' OR dob LIKE '%Many%' OR mobile LIKE '%Many%' OR gender LIKE '%Many%' OR user_tags LIKE '%Many%' OR user_note LIKE '%Many%') ORDER BY profile desc LIMIT 15 OFFSET 0
[05-Jan-2021 21:38:20 Asia/Kolkata] SELECT email, name, profile, occupation, DATE_FORMAT(dob, '%d %b %Y') dob, mobile, (CASE WHEN gender = 1 THEN 'Male' WHEN gender = 2 THEN 'Female' ELSE 'Other' END) gender, user_tags, user_note FROM user_records WHERE (email LIKE '%1000%' OR name LIKE '%1000%' OR occupation LIKE '%1000%' OR dob LIKE '%1000%' OR mobile LIKE '%1000%' OR gender LIKE '%1000%' OR user_tags LIKE '%1000%' OR user_note LIKE '%1000%') ORDER BY profile desc LIMIT 15 OFFSET 0
